<?xml version="1.0" encoding="UTF-8"?>
<testng-results ignored="13" total="14" passed="1" failed="0" skipped="0">
  <reporter-output>
  </reporter-output>
  <suite started-at="2023-01-17T21:11:44 BDT" name="Default suite" finished-at="2023-01-17T21:11:53 BDT" duration-ms="9307">
    <groups>
    </groups>
    <test started-at="2023-01-17T21:11:44 BDT" name="Default test" finished-at="2023-01-17T21:11:53 BDT" duration-ms="9307">
      <class name="FirstTestingPackage.locator_learning_Advance">
        <test-method is-config="true" signature="setDriver()[pri:0, instance:FirstTestingPackage.locator_learning_Advance@131774fe]" started-at="2023-01-17T21:11:42 BDT" name="setDriver" finished-at="2023-01-17T21:11:44 BDT" duration-ms="2012" status="PASS">
          <reporter-output>
          </reporter-output>
        </test-method> <!-- setDriver -->
        <test-method signature="LocateSelectOptionByCssSelectorEndtWith()[pri:0, instance:FirstTestingPackage.locator_learning_Advance@131774fe]" started-at="2023-01-17T21:11:44 BDT" name="LocateSelectOptionByCssSelectorEndtWith" finished-at="2023-01-17T21:11:53 BDT" duration-ms="9270" status="PASS">
          <reporter-output>
          </reporter-output>
        </test-method> <!-- LocateSelectOptionByCssSelectorEndtWith -->
        <test-method is-config="true" signature="quitDriver()[pri:0, instance:FirstTestingPackage.locator_learning_Advance@131774fe]" started-at="2023-01-17T21:11:53 BDT" name="quitDriver" finished-at="2023-01-17T21:11:54 BDT" duration-ms="1130" status="PASS">
          <reporter-output>
          </reporter-output>
        </test-method> <!-- quitDriver -->
      </class> <!-- FirstTestingPackage.locator_learning_Advance -->
    </test> <!-- Default test -->
  </suite> <!-- Default suite -->
</testng-results>
