<?xml version="1.0" encoding="UTF-8"?>
<!-- Generated by org.testng.reporters.JUnitXMLReporter -->
<testsuite ignored="13" hostname="RashedZahan" failures="0" tests="1" name="Default test" time="9.307" errors="0" timestamp="2023-01-17T21:11:53 BDT">
  <testcase classname="FirstTestingPackage.locator_learning_Advance" name="LocateSelectOptionByCssSelectorEndtWith" time="9.27"/>
  <testcase classname="FirstTestingPackage.locator_learning_Advance" name="LocateRadioButton1ByCssSelector1" time="0.0">
    <ignored/>
  </testcase> <!-- LocateRadioButton1ByCssSelector1 -->
  <testcase classname="FirstTestingPackage.locator_learning_Advance" name="LocateSelectOptionByXpathSubString" time="0.0">
    <ignored/>
  </testcase> <!-- LocateSelectOptionByXpathSubString -->
  <testcase classname="FirstTestingPackage.locator_learning_Advance" name="LocateRadioButtonExampleByCssSelectorDirectChild" time="0.0">
    <ignored/>
  </testcase> <!-- LocateRadioButtonExampleByCssSelectorDirectChild -->
  <testcase classname="FirstTestingPackage.locator_learning_Advance" name="LocateHeadingByCssSelectorTagname" time="0.0">
    <ignored/>
  </testcase> <!-- LocateHeadingByCssSelectorTagname -->
  <testcase classname="FirstTestingPackage.locator_learning_Advance" name="LocateSelectOptionByXpathStartsWith" time="0.0">
    <ignored/>
  </testcase> <!-- LocateSelectOptionByXpathStartsWith -->
  <testcase classname="FirstTestingPackage.locator_learning_Advance" name="LocateSelectOptionByCssSelectorStartWith" time="0.0">
    <ignored/>
  </testcase> <!-- LocateSelectOptionByCssSelectorStartWith -->
  <testcase classname="FirstTestingPackage.locator_learning_Advance" name="LocateSelectOptionByCssSelectorSubString" time="0.0">
    <ignored/>
  </testcase> <!-- LocateSelectOptionByCssSelectorSubString -->
  <testcase classname="FirstTestingPackage.locator_learning_Advance" name="LocateHeadingByXpathTagname" time="0.0">
    <ignored/>
  </testcase> <!-- LocateHeadingByXpathTagname -->
  <testcase classname="FirstTestingPackage.locator_learning_Advance" name="LocateRadioButtonExampleByXpathDirectChild" time="0.0">
    <ignored/>
  </testcase> <!-- LocateRadioButtonExampleByXpathDirectChild -->
  <testcase classname="FirstTestingPackage.locator_learning_Advance" name="LocateCheckBox1ByCssSelectorMutipleAttributes" time="0.0">
    <ignored/>
  </testcase> <!-- LocateCheckBox1ByCssSelectorMutipleAttributes -->
  <testcase classname="FirstTestingPackage.locator_learning_Advance" name="LocateRadioButton2ByXpath" time="0.0">
    <ignored/>
  </testcase> <!-- LocateRadioButton2ByXpath -->
  <testcase classname="FirstTestingPackage.locator_learning_Advance" name="LocateCheckBox1ByXpathMutipleAttributes" time="0.0">
    <ignored/>
  </testcase> <!-- LocateCheckBox1ByXpathMutipleAttributes -->
  <testcase classname="FirstTestingPackage.locator_learning_Advance" name="LocateSelectOptionByXpathEndsWith" time="0.0">
    <ignored/>
  </testcase> <!-- LocateSelectOptionByXpathEndsWith -->
</testsuite> <!-- Default test -->
