<?xml version="1.0" encoding="UTF-8"?>
<!-- Generated by org.testng.reporters.JUnitXMLReporter -->
<testsuite ignored="4" hostname="RashedZahan" failures="0" tests="1" name="Default test" time="28.095" errors="0" timestamp="2023-01-19T21:51:59 BDT">
  <testcase classname="locator.BasicTesting" name="testNameByPartialLink" time="28.058"/>
  <testcase classname="locator.BasicTesting" name="testSearchFieldById" time="0.0">
    <ignored/>
  </testcase> <!-- testSearchFieldById -->
  <testcase classname="locator.BasicTesting" name="testWebPageTitle" time="0.0">
    <ignored/>
  </testcase> <!-- testWebPageTitle -->
  <testcase classname="locator.BasicTesting" name="testNameByLinkText" time="0.0">
    <ignored/>
  </testcase> <!-- testNameByLinkText -->
  <testcase classname="locator.BasicTesting" name="testDescriptionByCssClass" time="0.0">
    <ignored/>
  </testcase> <!-- testDescriptionByCssClass -->
</testsuite> <!-- Default test -->
